#
# There is insufficient memory for the Java Runtime Environment to continue.
# Native memory allocation (mmap) failed to map 268435456 bytes for G1 virtual space
# Possible reasons:
#   The system is out of physical RAM or swap space
#   The process is running with CompressedOops enabled, and the Java Heap may be blocking the growth of the native heap
# Possible solutions:
#   Reduce memory load on the system
#   Increase physical memory or swap space
#   Check if swap backing store is full
#   Decrease Java heap size (-Xmx/-Xms)
#   Decrease number of Java threads
#   Decrease Java thread stack sizes (-Xss)
#   Set larger code cache with -XX:ReservedCodeCacheSize=
#   JVM is running with Zero Based Compressed Oops mode in which the Java heap is
#     placed in the first 32GB address space. The Java Heap base address is the
#     maximum limit for the native heap growth. Please use -XX:HeapBaseMinAddress
#     to set the Java Heap base and to place the Java Heap above 32GB virtual address.
# This output file may be truncated or incomplete.
#
#  Out of Memory Error (os_windows.cpp:3825), pid=14604, tid=7976
#
# JRE version:  (17.0.10+1) (build )
# Java VM: OpenJDK 64-Bit Server VM (17.0.10+1-b1087.21, mixed mode, sharing, tiered, compressed oops, compressed class ptrs, g1 gc, windows-amd64)
# No core dump will be written. Minidumps are not enabled by default on client versions of Windows
#

---------------  S U M M A R Y ------------

Command Line: externalApp.nativessh.NativeSshAskPassApp Enter passphrase for key '/c/Users/Jan Elcar V. Salon/.ssh/id_rsa': 

Host: Intel(R) Core(TM) i7-7700HQ CPU @ 2.80GHz, 8 cores, 15G,  Windows 10 , 64 bit Build 19041 (10.0.19041.3636)
Time: Wed May 15 12:10:32 2024 China Standard Time elapsed time: 0.013130 seconds (0d 0h 0m 0s)

---------------  T H R E A D  ---------------

Current thread (0x000001eb64916980):  JavaThread "Unknown thread" [_thread_in_vm, id=7976, stack(0x00000046ee600000,0x00000046ee700000)]

Stack: [0x00000046ee600000,0x00000046ee700000]
Native frames: (J=compiled Java code, j=interpreted, Vv=VM code, C=native code)
V  [jvm.dll+0x688ac9]
V  [jvm.dll+0x84220a]
V  [jvm.dll+0x843e4e]
V  [jvm.dll+0x8444b3]
V  [jvm.dll+0x24ba8f]
V  [jvm.dll+0x685899]
V  [jvm.dll+0x67a14a]
V  [jvm.dll+0x30c7eb]
V  [jvm.dll+0x313c96]
V  [jvm.dll+0x363a2e]
V  [jvm.dll+0x363c5f]
V  [jvm.dll+0x2e25b8]
V  [jvm.dll+0x2e3524]
V  [jvm.dll+0x812d71]
V  [jvm.dll+0x3718e1]
V  [jvm.dll+0x7f18d6]
V  [jvm.dll+0x3f553f]
V  [jvm.dll+0x3f7171]
C  [jli.dll+0x528f]
C  [ucrtbase.dll+0x21bb2]
C  [KERNEL32.DLL+0x17344]
C  [ntdll.dll+0x526b1]


---------------  P R O C E S S  ---------------

Threads class SMR info:
_java_thread_list=0x00007ffb4528ef58, length=0, elements={
}

Java Threads: ( => current thread )

Other Threads:
  0x000001eb6497d420 GCTaskThread "GC Thread#0" [stack: 0x00000046ee700000,0x00000046ee800000] [id=940]
  0x000001eb6498e090 ConcurrentGCThread "G1 Main Marker" [stack: 0x00000046ee800000,0x00000046ee900000] [id=7508]
  0x000001eb6498e8c0 ConcurrentGCThread "G1 Conc#0" [stack: 0x00000046ee900000,0x00000046eea00000] [id=11140]

[error occurred during error reporting (printing all threads), id 0xc0000005, EXCEPTION_ACCESS_VIOLATION (0xc0000005) at pc=0x00007ffb44a43187]

VM state: not at safepoint (not fully initialized)

VM Mutex/Monitor currently owned by a thread:  ([mutex/lock_event])
[0x000001eb64911b90] Heap_lock - owner thread: 0x000001eb64916980

Heap address: 0x0000000700e00000, size: 4082 MB, Compressed Oops mode: Zero based, Oop shift amount: 3

CDS archive(s) mapped at: [0x0000000000000000-0x0000000000000000-0x0000000000000000), size 0, SharedBaseAddress: 0x0000000800000000, ArchiveRelocationMode: 1.
Narrow klass base: 0x0000000000000000, Narrow klass shift: 0, Narrow klass range: 0x0

GC Precious Log:
<Empty>

Heap:
 garbage-first heap   total 0K, used 0K [0x0000000700e00000, 0x0000000800000000)
  region size 2048K, 0 young (0K), 0 survivors (0K)
 Metaspace       used 0K, committed 0K, reserved 0K
  class space    used 0K, committed 0K, reserved 0K

Heap Regions: E=young(eden), S=young(survivor), O=old, HS=humongous(starts), HC=humongous(continues), CS=collection set, F=free, OA=open archive, CA=closed archive, TAMS=top-at-mark-start (previous, next)

Card table byte_map: [0x000001eb77bb0000,0x000001eb783b0000] _byte_map_base: 0x000001eb743a9000

Marking Bits (Prev, Next): (CMBitMap*) 0x000001eb6497d850, (CMBitMap*) 0x000001eb6497d890
 Prev Bits: [0x000001eb78bb0000, 0x000001eb7cb78000)
 Next Bits: [0x000001eb00000000, 0x000001eb03fc8000)

GC Heap History (0 events):
No events

Dll operation events (1 events):
Event: 0.008 Loaded shared library C:\Program Files\JetBrains\IntelliJ IDEA Community Edition 2023.3.4\jbr\bin\java.dll

Deoptimization events (0 events):
No events

Classes unloaded (0 events):
No events

Classes redefined (0 events):
No events

Internal exceptions (0 events):
No events

VM Operations (0 events):
No events

Events (0 events):
No events


Dynamic libraries:
0x00007ff6a6410000 - 0x00007ff6a641a000 	C:\Program Files\JetBrains\IntelliJ IDEA Community Edition 2023.3.4\jbr\bin\java.exe
0x00007ffb80710000 - 0x00007ffb80908000 	C:\WINDOWS\SYSTEM32\ntdll.dll
0x00007ffb7ec40000 - 0x00007ffb7ecfd000 	C:\WINDOWS\System32\KERNEL32.DLL
0x00007ffb7def0000 - 0x00007ffb7e1e6000 	C:\WINDOWS\System32\KERNELBASE.dll
0x00007ffb7ddc0000 - 0x00007ffb7dec0000 	C:\WINDOWS\System32\ucrtbase.dll
0x00007ffb43650000 - 0x00007ffb43667000 	C:\Program Files\JetBrains\IntelliJ IDEA Community Edition 2023.3.4\jbr\bin\jli.dll
0x00007ffb66390000 - 0x00007ffb663ab000 	C:\Program Files\JetBrains\IntelliJ IDEA Community Edition 2023.3.4\jbr\bin\VCRUNTIME140.dll
0x00007ffb7edb0000 - 0x00007ffb7ef4f000 	C:\WINDOWS\System32\USER32.dll
0x00007ffb7dec0000 - 0x00007ffb7dee2000 	C:\WINDOWS\System32\win32u.dll
0x00007ffb7ec10000 - 0x00007ffb7ec3b000 	C:\WINDOWS\System32\GDI32.dll
0x00007ffb64300000 - 0x00007ffb6459a000 	C:\WINDOWS\WinSxS\amd64_microsoft.windows.common-controls_6595b64144ccf1df_6.0.19041.3636_none_60b6a03d71f818d5\COMCTL32.dll
0x00007ffb7e620000 - 0x00007ffb7e737000 	C:\WINDOWS\System32\gdi32full.dll
0x00007ffb7e3a0000 - 0x00007ffb7e43d000 	C:\WINDOWS\System32\msvcp_win.dll
0x00007ffb7f130000 - 0x00007ffb7f1ce000 	C:\WINDOWS\System32\msvcrt.dll
0x00007ffb804b0000 - 0x00007ffb804e2000 	C:\WINDOWS\System32\IMM32.DLL
0x0000000062060000 - 0x000000006206c000 	C:\Program Files (x86)\360\Total Security\safemon\SafeWrapper.dll
0x00007ffb7f300000 - 0x00007ffb7f3b0000 	C:\WINDOWS\System32\ADVAPI32.dll
0x00007ffb7f090000 - 0x00007ffb7f130000 	C:\WINDOWS\System32\sechost.dll
0x00007ffb80370000 - 0x00007ffb80493000 	C:\WINDOWS\System32\RPCRT4.dll
0x00007ffb7e5f0000 - 0x00007ffb7e617000 	C:\WINDOWS\System32\bcrypt.dll
0x00007ffb3a8e0000 - 0x00007ffb3a972000 	C:\Program Files (x86)\360\Total Security\safemon\libzdtp64.dll
0x00007ffb7f920000 - 0x00007ffb8008b000 	C:\WINDOWS\System32\SHELL32.dll
0x00007ffb7f4e0000 - 0x00007ffb7f535000 	C:\WINDOWS\System32\SHLWAPI.dll
0x00007ffb7d920000 - 0x00007ffb7d92a000 	C:\WINDOWS\SYSTEM32\VERSION.dll
0x00007ffb78b50000 - 0x00007ffb78b5c000 	C:\Program Files\JetBrains\IntelliJ IDEA Community Edition 2023.3.4\jbr\bin\vcruntime140_1.dll
0x00007ffb59200000 - 0x00007ffb5928d000 	C:\Program Files\JetBrains\IntelliJ IDEA Community Edition 2023.3.4\jbr\bin\msvcp140.dll
0x00007ffb44750000 - 0x00007ffb453d3000 	C:\Program Files\JetBrains\IntelliJ IDEA Community Edition 2023.3.4\jbr\bin\server\jvm.dll
0x00007ffb4fb40000 - 0x00007ffb4fb49000 	C:\WINDOWS\SYSTEM32\WSOCK32.dll
0x00007ffb7d2e0000 - 0x00007ffb7d32b000 	C:\WINDOWS\SYSTEM32\POWRPROF.dll
0x00007ffb6d740000 - 0x00007ffb6d767000 	C:\WINDOWS\SYSTEM32\WINMM.dll
0x00007ffb7f540000 - 0x00007ffb7f5ab000 	C:\WINDOWS\System32\WS2_32.dll
0x00007ffb7d150000 - 0x00007ffb7d162000 	C:\WINDOWS\SYSTEM32\UMPDC.dll
0x00007ffb7bbe0000 - 0x00007ffb7bbf2000 	C:\WINDOWS\SYSTEM32\kernel.appcore.dll
0x00007ffb444d0000 - 0x00007ffb444da000 	C:\Program Files\JetBrains\IntelliJ IDEA Community Edition 2023.3.4\jbr\bin\jimage.dll
0x00007ffb649f0000 - 0x00007ffb64bd4000 	C:\WINDOWS\SYSTEM32\DBGHELP.DLL
0x00007ffb6aee0000 - 0x00007ffb6af14000 	C:\WINDOWS\SYSTEM32\dbgcore.DLL
0x00007ffb7e1f0000 - 0x00007ffb7e272000 	C:\WINDOWS\System32\bcryptPrimitives.dll
0x00007ffb443a0000 - 0x00007ffb443c5000 	C:\Program Files\JetBrains\IntelliJ IDEA Community Edition 2023.3.4\jbr\bin\java.dll

dbghelp: loaded successfully - version: 4.0.5 - missing functions: none
symbol engine: initialized successfully - sym options: 0x614 - pdb path: .;C:\Program Files\JetBrains\IntelliJ IDEA Community Edition 2023.3.4\jbr\bin;C:\WINDOWS\SYSTEM32;C:\WINDOWS\WinSxS\amd64_microsoft.windows.common-controls_6595b64144ccf1df_6.0.19041.3636_none_60b6a03d71f818d5;C:\Program Files (x86)\360\Total Security\safemon;C:\Program Files\JetBrains\IntelliJ IDEA Community Edition 2023.3.4\jbr\bin\server

VM Arguments:
java_command: externalApp.nativessh.NativeSshAskPassApp Enter passphrase for key '/c/Users/Jan Elcar V. Salon/.ssh/id_rsa': 
java_class_path (initial): C:/Program Files/JetBrains/IntelliJ IDEA Community Edition 2023.3.4/lib/externalProcess-rt.jar
Launcher Type: SUN_STANDARD

[Global flags]
     intx CICompilerCount                          = 4                                         {product} {ergonomic}
     uint ConcGCThreads                            = 2                                         {product} {ergonomic}
     uint G1ConcRefinementThreads                  = 8                                         {product} {ergonomic}
   size_t G1HeapRegionSize                         = 2097152                                   {product} {ergonomic}
    uintx GCDrainStackTargetSize                   = 64                                        {product} {ergonomic}
   size_t InitialHeapSize                          = 268435456                                 {product} {ergonomic}
   size_t MarkStackSize                            = 4194304                                   {product} {ergonomic}
   size_t MaxHeapSize                              = 4280287232                                {product} {ergonomic}
   size_t MinHeapDeltaBytes                        = 2097152                                   {product} {ergonomic}
   size_t MinHeapSize                              = 8388608                                   {product} {ergonomic}
    uintx NonNMethodCodeHeapSize                   = 5839372                                {pd product} {ergonomic}
    uintx NonProfiledCodeHeapSize                  = 122909434                              {pd product} {ergonomic}
    uintx ProfiledCodeHeapSize                     = 122909434                              {pd product} {ergonomic}
    uintx ReservedCodeCacheSize                    = 251658240                              {pd product} {ergonomic}
     bool SegmentedCodeCache                       = true                                      {product} {ergonomic}
   size_t SoftMaxHeapSize                          = 4280287232                             {manageable} {ergonomic}
     bool UseCompressedClassPointers               = true                           {product lp64_product} {ergonomic}
     bool UseCompressedOops                        = true                           {product lp64_product} {ergonomic}
     bool UseG1GC                                  = true                                      {product} {ergonomic}
     bool UseLargePagesIndividualAllocation        = false                                  {pd product} {ergonomic}

Logging:
Log output configuration:
 #0: stdout all=warning uptime,level,tags
 #1: stderr all=off uptime,level,tags

Environment Variables:
JAVA_HOME=C:\Users\Jan Elcar V. Salon\IdeaProjects\2023-2_9335-finteam5\lib\zulu8.78.0.19-ca-fx-jdk8.0.412-win_x64
PATH=C:\Program Files\Git\mingw64\libexec\git-core;C:\Program Files\Git\mingw64\bin;C:\Program Files\Git\usr\bin;C:\Users\Jan Elcar V. Salon\bin;C:\Users\Jan Elcar V. Salon\IdeaProjects\2023-2_9335-finteam5\lib\zulu8.78.0.19-ca-fx-jdk8.0.412-win_x64\bin;C:\Program Files (x86)\Intel\iCLS Client;C:\Program Files\Intel\iCLS Client;C:\Windows\system32;C:\Windows;C:\Windows\System32\Wbem;C:\Windows\System32\WindowsPowerShell\v1.0;C:\Program Files (x86)\NVIDIA Corporation\PhysX\Common;C:\Program Files (x86)\Intel\Intel(R) Management Engine Components\DAL;C:\Program Files\Intel\Intel(R) Management Engine Components\DAL;C:\Program Files (x86)\Intel\Intel(R) Management Engine Components\IPT;C:\Program Files\Intel\Intel(R) Management Engine Components\IPT;C:\WINDOWS\system32;C:\WINDOWS;C:\WINDOWS\System32\Wbem;C:\WINDOWS\System32\WindowsPowerShell\v1.0;C:\WINDOWS\System32\OpenSSH;C:\Program Files\Git\cmd;C:\Users\Jan Elcar V. Salon\IdeaProjects\2023-2_9335-finteam5\lib\zulu8.78.0.19-ca-fx-jdk8.0.412-win_x64\bin;C:\Users\Jan Elcar V. Salon\AppData\Local\Microsoft\WindowsApps;C:\Program Files\JetBrains\IntelliJ IDEA 2023.1.2\bin;C:\Users\Jan Elcar V. Salon\AppData\Local\Programs\Microsoft VS Code\bin;C:\Program Files\JetBrains\IntelliJ IDEA Community Edition 2023.3.4\bin
USERNAME=Jan Elcar V. Salon
DISPLAY=:0.0
LC_ALL=en_US.UTF-8
TERM=xterm-256color
TMPDIR=C:\Users\JANELC~1.SAL\AppData\Local\Temp
OS=Windows_NT
PROCESSOR_IDENTIFIER=Intel64 Family 6 Model 158 Stepping 9, GenuineIntel
TMP=C:\Users\JANELC~1.SAL\AppData\Local\Temp
TEMP=C:\Users\JANELC~1.SAL\AppData\Local\Temp



Periodic native trim disabled

JNI global refs:
JNI global refs: 0, weak refs: 0

JNI global refs memory usage: 0, weak refs: 0

OOME stack traces (most recent first):
Classloader memory used:


---------------  S Y S T E M  ---------------

OS:
 Windows 10 , 64 bit Build 19041 (10.0.19041.3636)
OS uptime: 0 days 1:41 hours

CPU: total 8 (initial active 8) (4 cores per cpu, 2 threads per core) family 6 model 158 stepping 9 microcode 0xb4, cx8, cmov, fxsr, ht, mmx, 3dnowpref, sse, sse2, sse3, ssse3, sse4.1, sse4.2, popcnt, lzcnt, tsc, tscinvbit, avx, avx2, aes, erms, clmul, bmi1, bmi2, adx, fma, vzeroupper, clflush, clflushopt
Processor Information for all 8 processors :
  Max Mhz: 2801, Current Mhz: 2800, Mhz Limit: 2772

Memory: 4k page, system-wide physical 16324M (7276M free)
TotalPageFile size 16773M (AvailPageFile size 220M)
current process WorkingSet (physical memory assigned to process): 11M, peak: 11M
current process commit charge ("private bytes"): 60M, peak: 316M

vm_info: OpenJDK 64-Bit Server VM (17.0.10+1-b1087.21) for windows-amd64 JRE (17.0.10+1-b1087.21), built on 2024-03-02 by "builduser" with MS VC++ 16.10 / 16.11 (VS2019)

END.
